[08:02:53] [ServerMain/INFO]: Environment: Environment[sessionHost=https://sessionserver.mojang.com, servicesHost=https://api.minecraftservices.com, profilesHost=https://api.mojang.com, name=PROD]
[08:02:54] [ServerMain/INFO]: Loaded 1461 recipes
[08:02:54] [ServerMain/INFO]: Loaded 1574 advancements
[08:02:54] [Server thread/INFO]: Starting minecraft server version 1.21.10
[08:02:54] [Server thread/INFO]: Loading properties
[08:02:54] [Server thread/INFO]: Default game type: SURVIVAL
[08:02:54] [Server thread/INFO]: Generating keypair
[08:02:54] [Server thread/INFO]: Starting Minecraft server on *:27015
[08:02:54] [Server thread/INFO]: Using epoll channel type
[08:02:54] [Server thread/WARN]: **** SERVER IS RUNNING IN OFFLINE/INSECURE MODE!
[08:02:54] [Server thread/WARN]: The server will make no attempt to authenticate usernames. Beware.
[08:02:54] [Server thread/WARN]: While this makes the game possible to play without internet access, it also opens up the ability for hackers to connect with any username they choose.
[08:02:54] [Server thread/WARN]: To change this, set "online-mode" to "true" in the server.properties file.
[08:02:54] [Server thread/INFO]: Preparing level "world"
[08:02:55] [Server thread/INFO]: Loading 0 persistent chunks...
[08:02:55] [Server thread/INFO]: Preparing spawn area: 100%
[08:02:55] [Server thread/INFO]: Time elapsed: 17 ms
[08:02:55] [Server thread/INFO]: Done (0.276s)! For help, type "help"
[08:03:00] [Server thread/INFO]: An objective already exists by that name
[08:03:00] [Server thread/INFO]: Nothing changed. That display slot is already showing that objective
[08:03:00] [Server thread/INFO]: Set [⏰ Игровое время] for #const_1000 to 1000
[08:03:00] [Server thread/INFO]: Set [⏰ Игровое время] for #const_24 to 24
[08:03:00] [Server thread/INFO]: Set [⏰ Игровое время] for #const_60 to 60
[08:03:00] [Server thread/INFO]: Set [⏰ Игровое время] for #time to 0
[08:03:00] [Server thread/INFO]: Set [⏰ Игровое время] for #hours to 0
[08:03:00] [Server thread/INFO]: Set [⏰ Игровое время] for #minutes to 0
[08:03:00] [Server thread/INFO]: Set [⏰ Игровое время] for #minutes_temp to 0
[08:03:02] [Server thread/INFO]: The time is 17739
[08:03:02] [Server thread/INFO]: Set [⏰ Игровое время] for GameTime to 0
[08:03:02] [Server thread/INFO]: Set [⏰ Игровое время] for GameTime to 17739
[08:03:04] [Server thread/INFO]: The time is 17779
[08:03:04] [Server thread/INFO]: Set [⏰ Игровое время] for GameTime to 0
[08:03:04] [Server thread/INFO]: Set [⏰ Игровое время] for GameTime to 17779
[08:03:06] [Server thread/INFO]: The time is 17819
[08:03:06] [Server thread/INFO]: Set [⏰ Игровое время] for GameTime to 0
[08:03:06] [Server thread/INFO]: Set [⏰ Игровое время] for GameTime to 17819
[08:03:08] [Server thread/INFO]: The time is 17859
[08:03:08] [Server thread/INFO]: Set [⏰ Игровое время] for GameTime to 0
[08:03:08] [Server thread/INFO]: Set [⏰ Игровое время] for GameTime to 17859
[08:03:10] [Server thread/INFO]: The time is 17899
[08:03:10] [Server thread/INFO]: Set [⏰ Игровое время] for GameTime to 0
[08:03:10] [Server thread/INFO]: Set [⏰ Игровое время] for GameTime to 17899
[08:03:12] [Server thread/INFO]: The time is 17939
[08:03:12] [Server thread/INFO]: Set [⏰ Игровое время] for GameTime to 0
[08:03:12] [Server thread/INFO]: Set [⏰ Игровое время] for GameTime to 17939
[08:03:14] [Server thread/INFO]: The time is 17979
[08:03:14] [Server thread/INFO]: Set [⏰ Игровое время] for GameTime to 0
[08:03:14] [Server thread/INFO]: Set [⏰ Игровое время] for GameTime to 17979
[08:03:16] [Server thread/INFO]: The time is 18019
[08:03:16] [Server thread/INFO]: Set [⏰ Игровое время] for GameTime to 0
[08:03:16] [Server thread/INFO]: Set [⏰ Игровое время] for GameTime to 18019
[08:03:18] [Server thread/INFO]: The time is 18059
[08:03:18] [Server thread/INFO]: Set [⏰ Игровое время] for GameTime to 0
[08:03:18] [Server thread/INFO]: Set [⏰ Игровое время] for GameTime to 18059
[08:03:20] [Server thread/INFO]: The time is 18099
[08:03:20] [Server thread/INFO]: Set [⏰ Игровое время] for GameTime to 0
[08:03:20] [Server thread/INFO]: Set [⏰ Игровое время] for GameTime to 18099
[08:03:22] [Server thread/INFO]: The time is 18139
[08:03:22] [Server thread/INFO]: Set [⏰ Игровое время] for GameTime to 0
[08:03:22] [Server thread/INFO]: Set [⏰ Игровое время] for GameTime to 18139
[08:03:22] [Server thread/WARN]: UUID of added entity already exists: crn['Pig'/138, l='ServerLevel[world]', x=-619.26, y=63.00, z=-474.22]
[08:03:23] [Server thread/INFO]: samidius[/192.168.31.1:51582] logged in with entity id 145 at (-640.7347281475139, 64.0, -468.9423344717734)
[08:03:23] [Server thread/INFO]: samidius joined the game
[08:03:24] [Server thread/INFO]: The time is 18178
[08:03:24] [Server thread/INFO]: Set [⏰ Игровое время] for GameTime to 0
[08:03:24] [Server thread/INFO]: Set [⏰ Игровое время] for GameTime to 18178
[08:03:24] [Server thread/WARN]: UUID of added entity already exists: cri['Iron Golem'/248, l='ServerLevel[world]', x=-719.85, y=66.00, z=-365.88]
[08:03:25] [Server thread/WARN]: UUID of added entity already exists: crz['Turtle'/271, l='ServerLevel[world]', x=-808.11, y=45.13, z=-365.00]
[08:03:26] [Server thread/INFO]: The time is 18218
[08:03:26] [Server thread/INFO]: Set [⏰ Игровое время] for GameTime to 0
[08:03:26] [Server thread/INFO]: Set [⏰ Игровое время] for GameTime to 18218
[08:03:28] [Server thread/INFO]: The time is 18258
[08:03:28] [Server thread/INFO]: Set [⏰ Игровое время] for GameTime to 0
[08:03:28] [Server thread/INFO]: Set [⏰ Игровое время] for GameTime to 18258
[08:03:30] [Server thread/INFO]: The time is 18298
[08:03:30] [Server thread/INFO]: Set [⏰ Игровое время] for GameTime to 0
[08:03:30] [Server thread/INFO]: Set [⏰ Игровое время] for GameTime to 18298
[08:03:32] [Server thread/INFO]: The time is 18339
[08:03:32] [Server thread/INFO]: Set [⏰ Игровое время] for GameTime to 0
[08:03:32] [Server thread/INFO]: Set [⏰ Игровое время] for GameTime to 18339
[08:03:34] [Server thread/INFO]: The time is 18378
[08:03:34] [Server thread/INFO]: Set [⏰ Игровое время] for GameTime to 0
[08:03:34] [Server thread/INFO]: Set [⏰ Игровое время] for GameTime to 18378
[08:03:36] [Server thread/INFO]: The time is 18418
[08:03:36] [Server thread/INFO]: Set [⏰ Игровое время] for GameTime to 0
[08:03:36] [Server thread/INFO]: Set [⏰ Игровое время] for GameTime to 18418
[08:03:38] [Server thread/INFO]: The time is 18459
[08:03:38] [Server thread/INFO]: Set [⏰ Игровое время] for GameTime to 0
[08:03:38] [Server thread/INFO]: Set [⏰ Игровое время] for GameTime to 18459
[08:03:40] [Server thread/INFO]: The time is 18498
[08:03:40] [Server thread/INFO]: Set [⏰ Игровое время] for GameTime to 0
[08:03:40] [Server thread/INFO]: Set [⏰ Игровое время] for GameTime to 18498
[08:03:42] [Server thread/INFO]: The time is 18538
[08:03:42] [Server thread/INFO]: Set [⏰ Игровое время] for GameTime to 0
[08:03:42] [Server thread/INFO]: Set [⏰ Игровое время] for GameTime to 18538
[08:03:44] [Server thread/INFO]: The time is 18578
[08:03:44] [Server thread/INFO]: Set [⏰ Игровое время] for GameTime to 0
[08:03:44] [Server thread/INFO]: Set [⏰ Игровое время] for GameTime to 18578
[08:03:46] [Server thread/INFO]: The time is 18619
[08:03:46] [Server thread/INFO]: Set [⏰ Игровое время] for GameTime to 0
[08:03:46] [Server thread/INFO]: Set [⏰ Игровое время] for GameTime to 18619
[08:03:48] [Server thread/INFO]: The time is 18658
[08:03:48] [Server thread/INFO]: Set [⏰ Игровое время] for GameTime to 0
[08:03:48] [Server thread/INFO]: Set [⏰ Игровое время] for GameTime to 18658
[08:03:50] [Server thread/INFO]: The time is 18699
[08:03:50] [Server thread/INFO]: Set [⏰ Игровое время] for GameTime to 0
[08:03:50] [Server thread/INFO]: Set [⏰ Игровое время] for GameTime to 18699
[08:03:52] [Server thread/INFO]: The time is 18738
[08:03:52] [Server thread/INFO]: Set [⏰ Игровое время] for GameTime to 0
[08:03:52] [Server thread/INFO]: Set [⏰ Игровое время] for GameTime to 18738
[08:03:54] [Server thread/INFO]: The time is 18779
[08:03:54] [Server thread/INFO]: Set [⏰ Игровое время] for GameTime to 0
[08:03:54] [Server thread/INFO]: Set [⏰ Игровое время] for GameTime to 18779
[08:03:56] [Server thread/INFO]: The time is 18818
[08:03:56] [Server thread/INFO]: Set [⏰ Игровое время] for GameTime to 0
[08:03:56] [Server thread/INFO]: Set [⏰ Игровое время] for GameTime to 18818
[08:03:58] [Server thread/INFO]: The time is 18858
[08:03:58] [Server thread/INFO]: Set [⏰ Игровое время] for GameTime to 0
[08:03:58] [Server thread/INFO]: Set [⏰ Игровое время] for GameTime to 18858
[08:04:00] [Server thread/INFO]: The time is 18898
[08:04:00] [Server thread/INFO]: Set [⏰ Игровое время] for GameTime to 0
[08:04:00] [Server thread/INFO]: Set [⏰ Игровое время] for GameTime to 18898
[08:04:02] [Server thread/INFO]: The time is 18938
[08:04:02] [Server thread/INFO]: Set [⏰ Игровое время] for GameTime to 0
[08:04:02] [Server thread/INFO]: Set [⏰ Игровое время] for GameTime to 18938
[08:04:04] [Server thread/INFO]: The time is 18978
[08:04:04] [Server thread/INFO]: Set [⏰ Игровое время] for GameTime to 0
[08:04:04] [Server thread/INFO]: Set [⏰ Игровое время] for GameTime to 18978
[08:04:06] [Server thread/INFO]: The time is 19018
[08:04:06] [Server thread/INFO]: Set [⏰ Игровое время] for GameTime to 0
[08:04:06] [Server thread/INFO]: Set [⏰ Игровое время] for GameTime to 19018
[08:04:08] [Server thread/INFO]: The time is 19058
[08:04:08] [Server thread/INFO]: Set [⏰ Игровое время] for GameTime to 0
[08:04:08] [Server thread/INFO]: Set [⏰ Игровое время] for GameTime to 19058
[08:04:10] [Server thread/INFO]: The time is 19099
[08:04:10] [Server thread/INFO]: Set [⏰ Игровое время] for GameTime to 0
[08:04:10] [Server thread/INFO]: Set [⏰ Игровое время] for GameTime to 19099
[08:04:12] [Server thread/INFO]: The time is 19139
[08:04:12] [Server thread/INFO]: Set [⏰ Игровое время] for GameTime to 0
[08:04:12] [Server thread/INFO]: Set [⏰ Игровое время] for GameTime to 19139
[08:04:14] [Server thread/INFO]: The time is 19179
[08:04:14] [Server thread/INFO]: Set [⏰ Игровое время] for GameTime to 0
[08:04:14] [Server thread/INFO]: Set [⏰ Игровое время] for GameTime to 19179
[08:04:16] [Server thread/INFO]: The time is 19219
[08:04:16] [Server thread/INFO]: Set [⏰ Игровое время] for GameTime to 0
[08:04:16] [Server thread/INFO]: Set [⏰ Игровое время] for GameTime to 19219
[08:04:18] [Server thread/INFO]: The time is 19259
[08:04:18] [Server thread/INFO]: Set [⏰ Игровое время] for GameTime to 0
[08:04:18] [Server thread/INFO]: Set [⏰ Игровое время] for GameTime to 19259
[08:04:20] [Server thread/INFO]: The time is 19299
[08:04:20] [Server thread/INFO]: Set [⏰ Игровое время] for GameTime to 0
[08:04:20] [Server thread/INFO]: Set [⏰ Игровое время] for GameTime to 19299
[08:04:22] [Server thread/INFO]: The time is 19339
[08:04:22] [Server thread/INFO]: Set [⏰ Игровое время] for GameTime to 0
[08:04:22] [Server thread/INFO]: Set [⏰ Игровое время] for GameTime to 19339
[08:04:24] [Server thread/INFO]: The time is 19379
[08:04:24] [Server thread/INFO]: Set [⏰ Игровое время] for GameTime to 0
[08:04:24] [Server thread/INFO]: Set [⏰ Игровое время] for GameTime to 19379
[08:04:26] [Server thread/INFO]: The time is 19419
[08:04:26] [Server thread/INFO]: Set [⏰ Игровое время] for GameTime to 0
[08:04:26] [Server thread/INFO]: Set [⏰ Игровое время] for GameTime to 19419
[08:04:28] [Server thread/INFO]: The time is 19459
[08:04:28] [Server thread/INFO]: Set [⏰ Игровое время] for GameTime to 0
[08:04:28] [Server thread/INFO]: Set [⏰ Игровое время] for GameTime to 19459
[08:04:30] [Server thread/INFO]: The time is 19499
[08:04:30] [Server thread/INFO]: Set [⏰ Игровое время] for GameTime to 0
[08:04:30] [Server thread/INFO]: Set [⏰ Игровое время] for GameTime to 19499
[08:04:32] [Server thread/INFO]: The time is 19539
[08:04:32] [Server thread/INFO]: Set [⏰ Игровое время] for GameTime to 0
[08:04:32] [Server thread/INFO]: Set [⏰ Игровое время] for GameTime to 19539
[08:04:34] [Server thread/INFO]: The time is 19579
[08:04:34] [Server thread/INFO]: Set [⏰ Игровое время] for GameTime to 0
[08:04:34] [Server thread/INFO]: Set [⏰ Игровое время] for GameTime to 19579
[08:04:36] [Server thread/INFO]: The time is 19619
[08:04:36] [Server thread/INFO]: Set [⏰ Игровое время] for GameTime to 0
[08:04:36] [Server thread/INFO]: Set [⏰ Игровое время] for GameTime to 19619
[08:04:38] [Server thread/INFO]: The time is 19659
[08:04:38] [Server thread/INFO]: Set [⏰ Игровое время] for GameTime to 0
[08:04:38] [Server thread/INFO]: Set [⏰ Игровое время] for GameTime to 19659
[08:04:40] [Server thread/INFO]: The time is 19699
[08:04:40] [Server thread/INFO]: Set [⏰ Игровое время] for GameTime to 0
[08:04:40] [Server thread/INFO]: Set [⏰ Игровое время] for GameTime to 19699
[08:04:42] [Server thread/INFO]: The time is 19739
[08:04:42] [Server thread/INFO]: Set [⏰ Игровое время] for GameTime to 0
[08:04:42] [Server thread/INFO]: Set [⏰ Игровое время] for GameTime to 19739
[08:04:44] [Server thread/INFO]: The time is 19779
[08:04:44] [Server thread/INFO]: Set [⏰ Игровое время] for GameTime to 0
[08:04:44] [Server thread/INFO]: Set [⏰ Игровое время] for GameTime to 19779
[08:04:46] [Server thread/INFO]: The time is 19819
[08:04:46] [Server thread/INFO]: Set [⏰ Игровое время] for GameTime to 0
[08:04:46] [Server thread/INFO]: Set [⏰ Игровое время] for GameTime to 19819
[08:04:48] [Server thread/INFO]: The time is 19859
[08:04:48] [Server thread/INFO]: Set [⏰ Игровое время] for GameTime to 0
[08:04:48] [Server thread/INFO]: Set [⏰ Игровое время] for GameTime to 19859
[08:04:50] [Server thread/INFO]: The time is 19899
[08:04:50] [Server thread/INFO]: Set [⏰ Игровое время] for GameTime to 0
[08:04:50] [Server thread/INFO]: Set [⏰ Игровое время] for GameTime to 19899
[08:04:52] [Server thread/INFO]: The time is 19939
[08:04:52] [Server thread/INFO]: Set [⏰ Игровое время] for GameTime to 0
[08:04:52] [Server thread/INFO]: Set [⏰ Игровое время] for GameTime to 19939
[08:04:54] [Server thread/INFO]: The time is 19979
[08:04:54] [Server thread/INFO]: Set [⏰ Игровое время] for GameTime to 0
[08:04:54] [Server thread/INFO]: Set [⏰ Игровое время] for GameTime to 19979
[08:04:56] [Server thread/INFO]: The time is 20019
[08:04:56] [Server thread/INFO]: Set [⏰ Игровое время] for GameTime to 0
[08:04:56] [Server thread/INFO]: Set [⏰ Игровое время] for GameTime to 20019
[08:04:58] [Server thread/INFO]: The time is 20059
[08:04:58] [Server thread/INFO]: Set [⏰ Игровое время] for GameTime to 0
[08:04:58] [Server thread/INFO]: Set [⏰ Игровое время] for GameTime to 20059
[08:05:00] [Server thread/INFO]: The time is 20099
[08:05:00] [Server thread/INFO]: Set [⏰ Игровое время] for GameTime to 0
[08:05:00] [Server thread/INFO]: Set [⏰ Игровое время] for GameTime to 20099
[08:05:02] [Server thread/INFO]: The time is 20139
[08:05:02] [Server thread/INFO]: Set [⏰ Игровое время] for GameTime to 0
[08:05:02] [Server thread/INFO]: Set [⏰ Игровое время] for GameTime to 20139
[08:05:04] [Server thread/INFO]: The time is 20179
[08:05:04] [Server thread/INFO]: Set [⏰ Игровое время] for GameTime to 0
[08:05:04] [Server thread/INFO]: Set [⏰ Игровое время] for GameTime to 20179
[08:05:06] [Server thread/INFO]: The time is 20219
[08:05:06] [Server thread/INFO]: Set [⏰ Игровое время] for GameTime to 0
[08:05:06] [Server thread/INFO]: Set [⏰ Игровое время] for GameTime to 20219
[08:05:08] [Server thread/INFO]: The time is 20259
[08:05:08] [Server thread/INFO]: Set [⏰ Игровое время] for GameTime to 0
[08:05:08] [Server thread/INFO]: Set [⏰ Игровое время] for GameTime to 20259
[08:05:10] [Server thread/INFO]: The time is 20299
[08:05:10] [Server thread/INFO]: Set [⏰ Игровое время] for GameTime to 0
[08:05:10] [Server thread/INFO]: Set [⏰ Игровое время] for GameTime to 20299
[08:05:12] [Server thread/INFO]: The time is 20339
[08:05:12] [Server thread/INFO]: Set [⏰ Игровое время] for GameTime to 0
[08:05:12] [Server thread/INFO]: Set [⏰ Игровое время] for GameTime to 20339
