[INFO]: Started logging...
November 18th 2025, 13:08:31 [[32mINFO[39m]: World seed: 1824442272
November 18th 2025, 13:09:38 [[32mINFO[39m]: Samidius (::ffff:192.168.31.1) connected
November 18th 2025, 13:09:38 [[32mINFO[39m]: Position written, spawning player...
November 18th 2025, 13:09:43 [[31mERROR[39m]: Client ::ffff:192.168.31.1:56817 : TypeError: Write error for undefined : Cannot read properties of undefined (reading 'length')
    at module.exports.Write.UUID (/home/samidius/MP/server/node_modules/minecraft-protocol/src/datatypes/compiler-minecraft.js:120:25)
    at eval (eval at compile (/home/samidius/MP/server/node_modules/protodef/src/compiler.js:262:12), <anonymous>:1530:30)
    at eval (eval at compile (/home/samidius/MP/server/node_modules/protodef/src/compiler.js:262:12), <anonymous>:1605:11)
    at Object.packet_player_info (eval at compile (/home/samidius/MP/server/node_modules/protodef/src/compiler.js:262:12), <anonymous>:1608:9)
    at eval (eval at compile (/home/samidius/MP/server/node_modules/protodef/src/compiler.js:262:12), <anonymous>:2405:62)
    at packet (eval at compile (/home/samidius/MP/server/node_modules/protodef/src/compiler.js:262:12), <anonymous>:2446:9)
    at CompiledProtodef.write (/home/samidius/MP/server/node_modules/protodef/src/compiler.js:76:12)
    at e.message (/home/samidius/MP/server/node_modules/protodef/src/compiler.js:102:25)
    at tryCatch (/home/samidius/MP/server/node_modules/protodef/src/utils.js:50:16)
    at CompiledProtodef.createPacketBuffer (/home/samidius/MP/server/node_modules/protodef/src/compiler.js:102:5)
November 18th 2025, 13:10:08 [[32mINFO[39m]: Samidius disconnected
November 18th 2025, 13:10:18 [[32mINFO[39m]: Samidius (::ffff:192.168.31.1) connected
November 18th 2025, 13:10:18 [[32mINFO[39m]: Position written, spawning player...
November 18th 2025, 13:10:23 [[31mERROR[39m]: Client ::ffff:192.168.31.1:56828 : TypeError: Write error for undefined : Cannot read properties of undefined (reading 'length')
    at module.exports.Write.UUID (/home/samidius/MP/server/node_modules/minecraft-protocol/src/datatypes/compiler-minecraft.js:120:25)
    at eval (eval at compile (/home/samidius/MP/server/node_modules/protodef/src/compiler.js:262:12), <anonymous>:1530:30)
    at eval (eval at compile (/home/samidius/MP/server/node_modules/protodef/src/compiler.js:262:12), <anonymous>:1605:11)
    at Object.packet_player_info (eval at compile (/home/samidius/MP/server/node_modules/protodef/src/compiler.js:262:12), <anonymous>:1608:9)
    at eval (eval at compile (/home/samidius/MP/server/node_modules/protodef/src/compiler.js:262:12), <anonymous>:2405:62)
    at packet (eval at compile (/home/samidius/MP/server/node_modules/protodef/src/compiler.js:262:12), <anonymous>:2446:9)
    at CompiledProtodef.write (/home/samidius/MP/server/node_modules/protodef/src/compiler.js:76:12)
    at e.message (/home/samidius/MP/server/node_modules/protodef/src/compiler.js:102:25)
    at tryCatch (/home/samidius/MP/server/node_modules/protodef/src/utils.js:50:16)
    at CompiledProtodef.createPacketBuffer (/home/samidius/MP/server/node_modules/protodef/src/compiler.js:102:5)
November 18th 2025, 13:10:50 [[32mINFO[39m]: Samidius disconnected
